mode: count
github.com/joshsoftware/profile_builder_backend_go/internal/api/GET/profiles.go:12.118,13.54 1 1
github.com/joshsoftware/profile_builder_backend_go/internal/api/GET/profiles.go:13.54,15.17 2 2
github.com/joshsoftware/profile_builder_backend_go/internal/api/GET/profiles.go:15.17,18.4 2 1
github.com/joshsoftware/profile_builder_backend_go/internal/api/GET/profiles.go:20.3,22.5 1 1
github.com/joshsoftware/profile_builder_backend_go/internal/api/POST/profiles.go:12.117,13.54 1 1
github.com/joshsoftware/profile_builder_backend_go/internal/api/POST/profiles.go:13.54,15.17 2 5
github.com/joshsoftware/profile_builder_backend_go/internal/api/POST/profiles.go:15.17,18.4 2 2
github.com/joshsoftware/profile_builder_backend_go/internal/api/POST/profiles.go:20.3,21.17 2 3
github.com/joshsoftware/profile_builder_backend_go/internal/api/POST/profiles.go:21.17,24.4 2 2
github.com/joshsoftware/profile_builder_backend_go/internal/api/POST/profiles.go:26.3,27.17 2 1
github.com/joshsoftware/profile_builder_backend_go/internal/api/POST/profiles.go:27.17,30.4 2 0
github.com/joshsoftware/profile_builder_backend_go/internal/api/POST/profiles.go:32.3,34.5 1 1
github.com/joshsoftware/profile_builder_backend_go/internal/api/POST/profiles.go:38.119,39.54 1 2
github.com/joshsoftware/profile_builder_backend_go/internal/api/POST/profiles.go:39.54,41.17 2 2
github.com/joshsoftware/profile_builder_backend_go/internal/api/POST/profiles.go:41.17,44.4 2 0
github.com/joshsoftware/profile_builder_backend_go/internal/api/POST/profiles.go:46.3,47.17 2 2
github.com/joshsoftware/profile_builder_backend_go/internal/api/POST/profiles.go:47.17,50.4 2 0
github.com/joshsoftware/profile_builder_backend_go/internal/api/POST/profiles.go:52.3,53.17 2 2
github.com/joshsoftware/profile_builder_backend_go/internal/api/POST/profiles.go:53.17,56.4 2 0
github.com/joshsoftware/profile_builder_backend_go/internal/api/POST/profiles.go:58.3,60.5 1 0
github.com/joshsoftware/profile_builder_backend_go/internal/api/POST/profiles.go:64.118,65.54 1 0
github.com/joshsoftware/profile_builder_backend_go/internal/api/POST/profiles.go:65.54,67.17 2 0
github.com/joshsoftware/profile_builder_backend_go/internal/api/POST/profiles.go:67.17,70.4 2 0
github.com/joshsoftware/profile_builder_backend_go/internal/api/POST/profiles.go:72.3,73.17 2 0
github.com/joshsoftware/profile_builder_backend_go/internal/api/POST/profiles.go:73.17,76.4 2 0
github.com/joshsoftware/profile_builder_backend_go/internal/api/POST/profiles.go:78.3,79.17 2 0
github.com/joshsoftware/profile_builder_backend_go/internal/api/POST/profiles.go:79.17,82.4 2 0
github.com/joshsoftware/profile_builder_backend_go/internal/api/POST/profiles.go:84.3,86.5 1 0
github.com/joshsoftware/profile_builder_backend_go/internal/api/POST/profiles_decoder.go:11.84,14.16 3 5
github.com/joshsoftware/profile_builder_backend_go/internal/api/POST/profiles_decoder.go:14.16,16.3 1 2
github.com/joshsoftware/profile_builder_backend_go/internal/api/POST/profiles_decoder.go:18.2,18.17 1 3
github.com/joshsoftware/profile_builder_backend_go/internal/api/POST/profiles_decoder.go:21.88,24.16 3 2
github.com/joshsoftware/profile_builder_backend_go/internal/api/POST/profiles_decoder.go:24.16,26.3 1 0
github.com/joshsoftware/profile_builder_backend_go/internal/api/POST/profiles_decoder.go:28.2,28.17 1 2
github.com/joshsoftware/profile_builder_backend_go/internal/api/POST/profiles_decoder.go:31.84,34.16 3 0
github.com/joshsoftware/profile_builder_backend_go/internal/api/POST/profiles_decoder.go:34.16,36.3 1 0
github.com/joshsoftware/profile_builder_backend_go/internal/api/POST/profiles_decoder.go:38.2,38.17 1 0
github.com/joshsoftware/profile_builder_backend_go/internal/app/profile/service.go:22.57,26.2 1 4
github.com/joshsoftware/profile_builder_backend_go/internal/app/profile/service.go:28.109,31.16 2 2
github.com/joshsoftware/profile_builder_backend_go/internal/app/profile/service.go:31.16,33.3 1 1
github.com/joshsoftware/profile_builder_backend_go/internal/app/profile/service.go:35.2,35.12 1 1
github.com/joshsoftware/profile_builder_backend_go/internal/app/profile/service.go:38.109,42.49 3 2
github.com/joshsoftware/profile_builder_backend_go/internal/app/profile/service.go:42.49,56.3 12 2
github.com/joshsoftware/profile_builder_backend_go/internal/app/profile/service.go:58.2,59.16 2 2
github.com/joshsoftware/profile_builder_backend_go/internal/app/profile/service.go:59.16,61.3 1 1
github.com/joshsoftware/profile_builder_backend_go/internal/app/profile/service.go:63.2,63.12 1 1
github.com/joshsoftware/profile_builder_backend_go/internal/app/profile/service.go:66.106,70.48 3 2
github.com/joshsoftware/profile_builder_backend_go/internal/app/profile/service.go:70.48,87.3 14 2
github.com/joshsoftware/profile_builder_backend_go/internal/app/profile/service.go:89.2,90.16 2 2
github.com/joshsoftware/profile_builder_backend_go/internal/app/profile/service.go:90.16,92.3 1 1
github.com/joshsoftware/profile_builder_backend_go/internal/app/profile/service.go:94.2,94.12 1 1
github.com/joshsoftware/profile_builder_backend_go/internal/app/profile/service.go:97.100,100.16 2 2
github.com/joshsoftware/profile_builder_backend_go/internal/app/profile/service.go:100.16,102.3 1 1
github.com/joshsoftware/profile_builder_backend_go/internal/app/profile/service.go:104.2,104.20 1 1
